<?xml version="1.0" encoding="UTF-8"?>
<!-- Generated by org.testng.reporters.JUnitReportReporter -->
<testsuite skipped="0" hostname="PL3450-95K9042" name="com.api.assignment.commentsDetails" tests="2" failures="0" timestamp="31 Jan 2019 03:33:32 GMT" time="2.714" errors="0">
  <testcase name="getMethod" time="1.488" classname="com.api.assignment.commentsDetails"/>
  <testcase name="postMethod" time="1.226" classname="com.api.assignment.commentsDetails"/>
</testsuite> <!-- com.api.assignment.commentsDetails -->
