<?xml version="1.0" encoding="UTF-8"?>
<!-- Generated by org.testng.reporters.JUnitReportReporter -->
<testsuite skipped="0" hostname="PL3450-95K9042" name="com.api.assignment.usersDetails" tests="2" failures="0" timestamp="31 Jan 2019 03:33:32 GMT" time="1.517" errors="0">
  <testcase name="GetMethod" time="0.904" classname="com.api.assignment.usersDetails"/>
  <testcase name="PostMethod" time="0.613" classname="com.api.assignment.usersDetails"/>
</testsuite> <!-- com.api.assignment.usersDetails -->
