<?xml version="1.0" encoding="UTF-8"?>
<!-- Generated by org.testng.reporters.JUnitReportReporter -->
<testsuite skipped="0" hostname="PL3450-95K9042" name="com.api.assignment.postsDetails" tests="2" failures="0" timestamp="31 Jan 2019 03:33:32 GMT" time="3.478" errors="0">
  <testcase name="getMethod" time="2.865" classname="com.api.assignment.postsDetails"/>
  <testcase name="postMethod" time="0.613" classname="com.api.assignment.postsDetails"/>
</testsuite> <!-- com.api.assignment.postsDetails -->
